<?xml version="1.0" encoding="UTF-8"?>
<testng-results skipped="0" failed="0" ignored="0" total="6" passed="6">
  <reporter-output>
  </reporter-output>
  <suite name="Multi Cart Automation Suit" duration-ms="40339" started-at="2020-12-15T17:52:29 EST" finished-at="2020-12-15T17:53:10 EST">
    <groups>
    </groups>
    <test name="Multi Cart Portal test cases" duration-ms="40339" started-at="2020-12-15T17:52:29 EST" finished-at="2020-12-15T17:53:10 EST">
      <class name="com.mco.tests.HomePageTest">
        <test-method status="PASS" signature="setUp()[pri:0, instance:com.mco.tests.HomePageTest@30a3107a]" name="setUp" is-config="true" duration-ms="7555" started-at="2020-12-15T17:52:29 EST" finished-at="2020-12-15T17:52:37 EST">
          <reporter-output>
          </reporter-output>
        </test-method> <!-- setUp -->
        <test-method status="PASS" signature="loginPageTitleTest()[pri:1, instance:com.mco.tests.HomePageTest@30a3107a]" name="loginPageTitleTest" duration-ms="35" started-at="2020-12-15T17:52:37 EST" finished-at="2020-12-15T17:52:37 EST">
          <reporter-output>
          </reporter-output>
        </test-method> <!-- loginPageTitleTest -->
        <test-method status="PASS" signature="tearDown()[pri:0, instance:com.mco.tests.HomePageTest@30a3107a]" name="tearDown" is-config="true" duration-ms="187" started-at="2020-12-15T17:52:37 EST" finished-at="2020-12-15T17:52:37 EST">
          <reporter-output>
          </reporter-output>
        </test-method> <!-- tearDown -->
        <test-method status="PASS" signature="setUp()[pri:0, instance:com.mco.tests.HomePageTest@30a3107a]" name="setUp" is-config="true" duration-ms="4758" started-at="2020-12-15T17:52:37 EST" finished-at="2020-12-15T17:52:42 EST">
          <reporter-output>
          </reporter-output>
        </test-method> <!-- setUp -->
        <test-method status="PASS" signature="loginSourceButtonNameTest()[pri:2, instance:com.mco.tests.HomePageTest@30a3107a]" name="loginSourceButtonNameTest" duration-ms="183" started-at="2020-12-15T17:52:42 EST" finished-at="2020-12-15T17:52:42 EST">
          <reporter-output>
          </reporter-output>
        </test-method> <!-- loginSourceButtonNameTest -->
        <test-method status="PASS" signature="tearDown()[pri:0, instance:com.mco.tests.HomePageTest@30a3107a]" name="tearDown" is-config="true" duration-ms="130" started-at="2020-12-15T17:52:42 EST" finished-at="2020-12-15T17:52:42 EST">
          <reporter-output>
          </reporter-output>
        </test-method> <!-- tearDown -->
        <test-method status="PASS" signature="setUp()[pri:0, instance:com.mco.tests.HomePageTest@30a3107a]" name="setUp" is-config="true" duration-ms="5256" started-at="2020-12-15T17:52:42 EST" finished-at="2020-12-15T17:52:47 EST">
          <reporter-output>
          </reporter-output>
        </test-method> <!-- setUp -->
        <test-method status="PASS" signature="abotUsLinkTest()[pri:3, instance:com.mco.tests.HomePageTest@30a3107a]" name="abotUsLinkTest" duration-ms="157" started-at="2020-12-15T17:52:47 EST" finished-at="2020-12-15T17:52:48 EST">
          <reporter-output>
          </reporter-output>
        </test-method> <!-- abotUsLinkTest -->
        <test-method status="PASS" signature="tearDown()[pri:0, instance:com.mco.tests.HomePageTest@30a3107a]" name="tearDown" is-config="true" duration-ms="167" started-at="2020-12-15T17:52:48 EST" finished-at="2020-12-15T17:52:48 EST">
          <reporter-output>
          </reporter-output>
        </test-method> <!-- tearDown -->
        <test-method status="PASS" signature="setUp()[pri:0, instance:com.mco.tests.HomePageTest@30a3107a]" name="setUp" is-config="true" duration-ms="5700" started-at="2020-12-15T17:52:48 EST" finished-at="2020-12-15T17:52:53 EST">
          <reporter-output>
          </reporter-output>
        </test-method> <!-- setUp -->
        <test-method status="PASS" signature="contactUsLinkTest()[pri:4, instance:com.mco.tests.HomePageTest@30a3107a]" name="contactUsLinkTest" duration-ms="1708" started-at="2020-12-15T17:52:53 EST" finished-at="2020-12-15T17:52:55 EST">
          <reporter-output>
          </reporter-output>
        </test-method> <!-- contactUsLinkTest -->
        <test-method status="PASS" signature="tearDown()[pri:0, instance:com.mco.tests.HomePageTest@30a3107a]" name="tearDown" is-config="true" duration-ms="179" started-at="2020-12-15T17:52:55 EST" finished-at="2020-12-15T17:52:55 EST">
          <reporter-output>
          </reporter-output>
        </test-method> <!-- tearDown -->
        <test-method status="PASS" signature="setUp()[pri:0, instance:com.mco.tests.HomePageTest@30a3107a]" name="setUp" is-config="true" duration-ms="6582" started-at="2020-12-15T17:52:55 EST" finished-at="2020-12-15T17:53:02 EST">
          <reporter-output>
          </reporter-output>
        </test-method> <!-- setUp -->
        <test-method status="PASS" signature="viewCartLinkTest()[pri:6, instance:com.mco.tests.HomePageTest@30a3107a]" name="viewCartLinkTest" duration-ms="445" started-at="2020-12-15T17:53:02 EST" finished-at="2020-12-15T17:53:02 EST">
          <reporter-output>
          </reporter-output>
        </test-method> <!-- viewCartLinkTest -->
        <test-method status="PASS" signature="tearDown()[pri:0, instance:com.mco.tests.HomePageTest@30a3107a]" name="tearDown" is-config="true" duration-ms="144" started-at="2020-12-15T17:53:02 EST" finished-at="2020-12-15T17:53:02 EST">
          <reporter-output>
          </reporter-output>
        </test-method> <!-- tearDown -->
        <test-method status="PASS" signature="setUp()[pri:0, instance:com.mco.tests.HomePageTest@30a3107a]" name="setUp" is-config="true" duration-ms="6387" started-at="2020-12-15T17:53:02 EST" finished-at="2020-12-15T17:53:09 EST">
          <reporter-output>
          </reporter-output>
        </test-method> <!-- setUp -->
        <test-method status="PASS" signature="CurrencyListsTest()[pri:7, instance:com.mco.tests.HomePageTest@30a3107a]" name="CurrencyListsTest" duration-ms="543" started-at="2020-12-15T17:53:09 EST" finished-at="2020-12-15T17:53:09 EST">
          <reporter-output>
          </reporter-output>
        </test-method> <!-- CurrencyListsTest -->
        <test-method status="PASS" signature="tearDown()[pri:0, instance:com.mco.tests.HomePageTest@30a3107a]" name="tearDown" is-config="true" duration-ms="139" started-at="2020-12-15T17:53:09 EST" finished-at="2020-12-15T17:53:10 EST">
          <reporter-output>
          </reporter-output>
        </test-method> <!-- tearDown -->
      </class> <!-- com.mco.tests.HomePageTest -->
    </test> <!-- Multi Cart Portal test cases -->
  </suite> <!-- Multi Cart Automation Suit -->
</testng-results>
