<?xml version="1.0" encoding="UTF-8"?>
<!-- Generated by org.testng.reporters.JUnitXMLReporter -->
<testsuite hostname="Khosuzs-MBP.lan" ignored="0" name="Default test" tests="4" failures="0" timestamp="2020-11-27T21:35:35 EST" time="16.129" errors="0">
  <testcase name="loginLogoImageTest" time="0.117" classname="com.mco.tests.LoginPageTest"/>
  <testcase name="loginPageTitleTest" time="0.021" classname="com.mco.tests.LoginPageTest"/>
  <testcase name="loginTest" time="0.623" classname="com.mco.tests.LoginPageTest"/>
  <testcase name="curentUserNameTest" time="1.365" classname="com.mco.tests.LoginPageTest"/>
</testsuite> <!-- Default test -->
