<?xml version="1.0" encoding="UTF-8"?>
<!-- Generated by org.testng.reporters.JUnitXMLReporter -->
<testsuite hostname="Khosuzs-MBP.lan" ignored="0" name="Multi Cart Portal test cases" tests="6" failures="0" timestamp="2020-12-15T17:53:10 EST" time="40.339" errors="0">
  <testcase name="loginPageTitleTest" time="0.035" classname="com.mco.tests.HomePageTest"/>
  <testcase name="loginSourceButtonNameTest" time="0.183" classname="com.mco.tests.HomePageTest"/>
  <testcase name="abotUsLinkTest" time="0.157" classname="com.mco.tests.HomePageTest"/>
  <testcase name="contactUsLinkTest" time="1.708" classname="com.mco.tests.HomePageTest"/>
  <testcase name="viewCartLinkTest" time="0.445" classname="com.mco.tests.HomePageTest"/>
  <testcase name="CurrencyListsTest" time="0.543" classname="com.mco.tests.HomePageTest"/>
</testsuite> <!-- Multi Cart Portal test cases -->
