<?xml version="1.0" encoding="UTF-8"?>
<!-- Generated by org.testng.reporters.JUnitXMLReporter -->
<testsuite ignored="0" hostname="Khosuzs-MBP.lan" failures="0" tests="12" name="Command line test" time="44.814" errors="0" timestamp="2020-11-29T00:01:35 EST">
  <testcase classname="com.mco.tests.RegistrationPageTest" name="loginPageTitleTest" time="0.126"/>
  <testcase classname="com.mco.tests.RegistrationPageTest" name="newUserRegistrationTest" time="0.0">
    <skipped/>
  </testcase> <!-- newUserRegistrationTest -->
  <testcase classname="com.mco.tests.HomePageTest" name="loginPageTitleTest" time="0.016"/>
  <testcase classname="com.mco.tests.HomePageTest" name="loginSourceButtonNameTest" time="0.245"/>
  <testcase classname="com.mco.tests.HomePageTest" name="abotUsLinkTest" time="0.414"/>
  <testcase classname="com.mco.tests.HomePageTest" name="contactUsLinkTest" time="0.269"/>
  <testcase classname="com.mco.tests.HomePageTest" name="viewCartLinkTest" time="0.304"/>
  <testcase classname="com.mco.tests.HomePageTest" name="CurrencyListsTest" time="1.12"/>
  <testcase classname="com.mco.tests.LoginPageTest" name="loginLogoImageTest" time="0.046"/>
  <testcase classname="com.mco.tests.LoginPageTest" name="loginPageTitleTest" time="0.109"/>
  <testcase classname="com.mco.tests.LoginPageTest" name="loginTest" time="1.293"/>
  <testcase classname="com.mco.tests.LoginPageTest" name="curentUserNameTest" time="1.755"/>
</testsuite> <!-- Command line test -->
